<?xml version="1.0" encoding="UTF-8"?>
<testng-results ignored="0" total="8" passed="7" failed="1" skipped="0">
  <reporter-output>
  </reporter-output>
  <suite started-at="2023-02-14T09:53:02 IST" name="Suite" finished-at="2023-02-14T09:55:20 IST" duration-ms="138416">
    <groups>
      <group name="regression">
        <method signature="CreateContactWithOrganizationwithBaseTest.abajabadabatest()[pri:0, instance:separatepackage.CreateContactWithOrganizationwithBaseTest@5af3afd9]" name="abajabadabatest" class="separatepackage.CreateContactWithOrganizationwithBaseTest"/>
        <method signature="CreateContactWithOrganizationwithBaseTest.createcontactwithoganizationtest()[pri:0, instance:separatepackage.CreateContactWithOrganizationwithBaseTest@5af3afd9]" name="createcontactwithoganizationtest" class="separatepackage.CreateContactWithOrganizationwithBaseTest"/>
        <method signature="CreateContactWithOrganizationwithBaseTest.jabajdbatest()[pri:0, instance:separatepackage.CreateContactWithOrganizationwithBaseTest@5af3afd9]" name="jabajdbatest" class="separatepackage.CreateContactWithOrganizationwithBaseTest"/>
        <method signature="CreatecontactpageWithPOMTest.createcontactpomtest()[pri:0, instance:package1.CreatecontactpageWithPOMTest@323b36e0]" name="createcontactpomtest" class="package1.CreatecontactpageWithPOMTest"/>
      </group> <!-- regression -->
    </groups>
    <test started-at="2023-02-14T09:53:02 IST" name="Test" finished-at="2023-02-14T09:55:20 IST" duration-ms="138416">
      <class name="package1.CreatecontactpageWithPOMTest">
        <test-method signature="createcontactpomtest()[pri:0, instance:package1.CreatecontactpageWithPOMTest@323b36e0]" started-at="2023-02-14T09:54:48 IST" name="createcontactpomtest" finished-at="2023-02-14T09:55:14 IST" duration-ms="26071" status="PASS">
          <reporter-output>
          </reporter-output>
        </test-method> <!-- createcontactpomtest -->
      </class> <!-- package1.CreatecontactpageWithPOMTest -->
      <class name="separatepackage.PracticeDataProviderTest">
        <test-method signature="pdataprovidertest(java.lang.String,int,java.lang.String)[pri:0, instance:separatepackage.PracticeDataProviderTest@35ef1869]" started-at="2023-02-14T09:54:02 IST" name="pdataprovidertest" data-provider="givedata" finished-at="2023-02-14T09:54:02 IST" duration-ms="30" status="PASS">
          <params>
            <param index="0">
              <value>
                <![CDATA[aswin]]>
              </value>
            </param>
            <param index="1">
              <value>
                <![CDATA[29]]>
              </value>
            </param>
            <param index="2">
              <value>
                <![CDATA[superstar]]>
              </value>
            </param>
          </params>
          <reporter-output>
          </reporter-output>
        </test-method> <!-- pdataprovidertest -->
        <test-method signature="pdataprovidertest(java.lang.String,int,java.lang.String)[pri:0, instance:separatepackage.PracticeDataProviderTest@35ef1869]" started-at="2023-02-14T09:54:02 IST" name="pdataprovidertest" data-provider="givedata" finished-at="2023-02-14T09:54:02 IST" duration-ms="6" status="PASS">
          <params>
            <param index="0">
              <value>
                <![CDATA[sriram]]>
              </value>
            </param>
            <param index="1">
              <value>
                <![CDATA[32]]>
              </value>
            </param>
            <param index="2">
              <value>
                <![CDATA[sachivalayam emp]]>
              </value>
            </param>
          </params>
          <reporter-output>
          </reporter-output>
        </test-method> <!-- pdataprovidertest -->
        <test-method signature="pdataprovidertest(java.lang.String,int,java.lang.String)[pri:0, instance:separatepackage.PracticeDataProviderTest@35ef1869]" started-at="2023-02-14T09:54:02 IST" name="pdataprovidertest" data-provider="givedata" finished-at="2023-02-14T09:54:02 IST" duration-ms="1" status="PASS">
          <params>
            <param index="0">
              <value>
                <![CDATA[sai]]>
              </value>
            </param>
            <param index="1">
              <value>
                <![CDATA[26]]>
              </value>
            </param>
            <param index="2">
              <value>
                <![CDATA[software employe]]>
              </value>
            </param>
          </params>
          <reporter-output>
          </reporter-output>
        </test-method> <!-- pdataprovidertest -->
      </class> <!-- separatepackage.PracticeDataProviderTest -->
      <class name="separatepackage.CreateContactWithOrganizationwithBaseTest">
        <test-method is-config="true" signature="bfsuite()[pri:0, instance:separatepackage.CreateContactWithOrganizationwithBaseTest@5af3afd9]" started-at="2023-02-14T09:53:02 IST" name="bfsuite" finished-at="2023-02-14T09:53:02 IST" duration-ms="10" status="PASS">
          <reporter-output>
          </reporter-output>
        </test-method> <!-- bfsuite -->
        <test-method is-config="true" signature="bfclass()[pri:0, instance:separatepackage.CreateContactWithOrganizationwithBaseTest@5af3afd9]" started-at="2023-02-14T09:53:02 IST" name="bfclass" finished-at="2023-02-14T09:54:02 IST" duration-ms="59794" status="PASS">
          <reporter-output>
          </reporter-output>
        </test-method> <!-- bfclass -->
        <test-method is-config="true" signature="bfmethod()[pri:0, instance:separatepackage.CreateContactWithOrganizationwithBaseTest@5af3afd9]" started-at="2023-02-14T09:54:02 IST" name="bfmethod" finished-at="2023-02-14T09:54:07 IST" duration-ms="4777" status="PASS">
          <reporter-output>
          </reporter-output>
        </test-method> <!-- bfmethod -->
        <test-method signature="abajabadabatest()[pri:0, instance:separatepackage.CreateContactWithOrganizationwithBaseTest@5af3afd9]" started-at="2023-02-14T09:54:07 IST" name="abajabadabatest" finished-at="2023-02-14T09:54:07 IST" duration-ms="4" status="PASS">
          <reporter-output>
          </reporter-output>
        </test-method> <!-- abajabadabatest -->
        <test-method is-config="true" signature="afmethod()[pri:0, instance:separatepackage.CreateContactWithOrganizationwithBaseTest@5af3afd9]" started-at="2023-02-14T09:54:07 IST" name="afmethod" finished-at="2023-02-14T09:54:13 IST" duration-ms="6184" status="PASS">
          <reporter-output>
          </reporter-output>
        </test-method> <!-- afmethod -->
        <test-method is-config="true" signature="bfmethod()[pri:0, instance:separatepackage.CreateContactWithOrganizationwithBaseTest@5af3afd9]" started-at="2023-02-14T09:54:13 IST" name="bfmethod" finished-at="2023-02-14T09:54:17 IST" duration-ms="3798" status="PASS">
          <reporter-output>
          </reporter-output>
        </test-method> <!-- bfmethod -->
        <test-method signature="createcontactwithoganizationtest()[pri:0, instance:separatepackage.CreateContactWithOrganizationwithBaseTest@5af3afd9]" started-at="2023-02-14T09:54:17 IST" name="createcontactwithoganizationtest" finished-at="2023-02-14T09:54:35 IST" duration-ms="18319" status="PASS">
          <reporter-output>
          </reporter-output>
        </test-method> <!-- createcontactwithoganizationtest -->
        <test-method is-config="true" signature="afmethod()[pri:0, instance:separatepackage.CreateContactWithOrganizationwithBaseTest@5af3afd9]" started-at="2023-02-14T09:54:35 IST" name="afmethod" finished-at="2023-02-14T09:54:37 IST" duration-ms="2231" status="PASS">
          <reporter-output>
          </reporter-output>
        </test-method> <!-- afmethod -->
        <test-method is-config="true" signature="bfmethod()[pri:0, instance:separatepackage.CreateContactWithOrganizationwithBaseTest@5af3afd9]" started-at="2023-02-14T09:54:37 IST" name="bfmethod" finished-at="2023-02-14T09:54:42 IST" duration-ms="4114" status="PASS">
          <reporter-output>
          </reporter-output>
        </test-method> <!-- bfmethod -->
        <test-method signature="jabajdbatest()[pri:0, instance:separatepackage.CreateContactWithOrganizationwithBaseTest@5af3afd9]" started-at="2023-02-14T09:54:42 IST" name="jabajdbatest" finished-at="2023-02-14T09:54:42 IST" duration-ms="3" status="PASS">
          <reporter-output>
          </reporter-output>
        </test-method> <!-- jabajdbatest -->
        <test-method is-config="true" signature="afmethod()[pri:0, instance:separatepackage.CreateContactWithOrganizationwithBaseTest@5af3afd9]" started-at="2023-02-14T09:54:42 IST" name="afmethod" finished-at="2023-02-14T09:54:48 IST" duration-ms="6186" status="PASS">
          <reporter-output>
          </reporter-output>
        </test-method> <!-- afmethod -->
        <test-method is-config="true" signature="afclass()[pri:0, instance:separatepackage.CreateContactWithOrganizationwithBaseTest@5af3afd9]" started-at="2023-02-14T09:55:20 IST" name="afclass" finished-at="2023-02-14T09:55:20 IST" duration-ms="494" status="PASS">
          <reporter-output>
          </reporter-output>
        </test-method> <!-- afclass -->
        <test-method is-config="true" signature="afsuite()[pri:0, instance:separatepackage.CreateContactWithOrganizationwithBaseTest@5af3afd9]" started-at="2023-02-14T09:55:21 IST" name="afsuite" finished-at="2023-02-14T09:55:21 IST" duration-ms="0" status="PASS">
          <reporter-output>
          </reporter-output>
        </test-method> <!-- afsuite -->
      </class> <!-- separatepackage.CreateContactWithOrganizationwithBaseTest -->
      <class name="package1.CreateContactTest">
        <test-method signature="createcontacttest()[pri:0, instance:package1.CreateContactTest@44ebcd03]" started-at="2023-02-14T09:55:14 IST" name="createcontacttest" finished-at="2023-02-14T09:55:19 IST" duration-ms="5542" status="FAIL">
          <exception class="org.openqa.selenium.NoSuchWindowException">
            <message>
              <![CDATA[no such window: target window already closed
from unknown error: web view not found
  (Session info: MicrosoftEdge=110.0.1587.41)
Build info: version: '3.141.59', revision: 'e82be7d358', time: '2018-11-14T08:17:03'
System info: host: 'ASWIN779', ip: '192.168.238.1', os.name: 'Windows 11', os.arch: 'amd64', os.version: '10.0', java.version: '19.0.2'
Driver info: org.openqa.selenium.edge.EdgeDriver
Capabilities {acceptInsecureCerts: false, browserName: msedge, browserVersion: 110.0.1587.41, javascriptEnabled: true, ms:edgeOptions: {debuggerAddress: localhost:51303}, msedge: {msedgedriverVersion: 110.0.1587.41 (dec2c0803210..., userDataDir: C:\Users\aswin\AppData\Loca...}, networkConnectionEnabled: false, pageLoadStrategy: normal, platform: WINDOWS, platformName: WINDOWS, proxy: Proxy(), setWindowRect: true, strictFileInteractability: false, timeouts: {implicit: 0, pageLoad: 300000, script: 30000}, unhandledPromptBehavior: dismiss and notify, webauthn:extension:credBlob: true, webauthn:extension:largeBlob: true, webauthn:virtualAuthenticators: true}
Session ID: 99cd2ef1f5989ecf8fc4cc50b8915155
*** Element info: {Using=xpath, value=//a[text()='Contacts']}]]>
            </message>
            <full-stacktrace>
              <![CDATA[org.openqa.selenium.NoSuchWindowException: no such window: target window already closed
from unknown error: web view not found
  (Session info: MicrosoftEdge=110.0.1587.41)
Build info: version: '3.141.59', revision: 'e82be7d358', time: '2018-11-14T08:17:03'
System info: host: 'ASWIN779', ip: '192.168.238.1', os.name: 'Windows 11', os.arch: 'amd64', os.version: '10.0', java.version: '19.0.2'
Driver info: org.openqa.selenium.edge.EdgeDriver
Capabilities {acceptInsecureCerts: false, browserName: msedge, browserVersion: 110.0.1587.41, javascriptEnabled: true, ms:edgeOptions: {debuggerAddress: localhost:51303}, msedge: {msedgedriverVersion: 110.0.1587.41 (dec2c0803210..., userDataDir: C:\Users\aswin\AppData\Loca...}, networkConnectionEnabled: false, pageLoadStrategy: normal, platform: WINDOWS, platformName: WINDOWS, proxy: Proxy(), setWindowRect: true, strictFileInteractability: false, timeouts: {implicit: 0, pageLoad: 300000, script: 30000}, unhandledPromptBehavior: dismiss and notify, webauthn:extension:credBlob: true, webauthn:extension:largeBlob: true, webauthn:virtualAuthenticators: true}
Session ID: 99cd2ef1f5989ecf8fc4cc50b8915155
*** Element info: {Using=xpath, value=//a[text()='Contacts']}
at java.base/jdk.internal.reflect.DirectConstructorHandleAccessor.newInstance(DirectConstructorHandleAccessor.java:67)
at java.base/java.lang.reflect.Constructor.newInstanceWithCaller(Constructor.java:500)
at java.base/java.lang.reflect.Constructor.newInstance(Constructor.java:484)
at org.openqa.selenium.remote.http.W3CHttpResponseCodec.createException(W3CHttpResponseCodec.java:187)
at org.openqa.selenium.remote.http.W3CHttpResponseCodec.decode(W3CHttpResponseCodec.java:122)
at org.openqa.selenium.remote.http.W3CHttpResponseCodec.decode(W3CHttpResponseCodec.java:49)
at org.openqa.selenium.remote.HttpCommandExecutor.execute(HttpCommandExecutor.java:158)
at org.openqa.selenium.remote.service.DriverCommandExecutor.execute(DriverCommandExecutor.java:83)
at org.openqa.selenium.remote.RemoteWebDriver.execute(RemoteWebDriver.java:552)
at org.openqa.selenium.remote.RemoteWebDriver.findElement(RemoteWebDriver.java:323)
at org.openqa.selenium.remote.RemoteWebDriver.findElementByXPath(RemoteWebDriver.java:428)
at org.openqa.selenium.By$ByXPath.findElement(By.java:353)
at org.openqa.selenium.remote.RemoteWebDriver.findElement(RemoteWebDriver.java:315)
at package1.CreateContactTest.createcontacttest(CreateContactTest.java:77)
at java.base/jdk.internal.reflect.DirectMethodHandleAccessor.invoke(DirectMethodHandleAccessor.java:104)
at java.base/java.lang.reflect.Method.invoke(Method.java:578)
at org.testng.internal.MethodInvocationHelper.invokeMethod(MethodInvocationHelper.java:133)
at org.testng.internal.TestInvoker.invokeMethod(TestInvoker.java:598)
at org.testng.internal.TestInvoker.invokeTestMethod(TestInvoker.java:173)
at org.testng.internal.MethodRunner.runInSequence(MethodRunner.java:46)
at org.testng.internal.TestInvoker$MethodInvocationAgent.invoke(TestInvoker.java:824)
at org.testng.internal.TestInvoker.invokeTestMethods(TestInvoker.java:146)
at org.testng.internal.TestMethodWorker.invokeTestMethods(TestMethodWorker.java:146)
at org.testng.internal.TestMethodWorker.run(TestMethodWorker.java:128)
at java.base/java.util.ArrayList.forEach(ArrayList.java:1511)
at org.testng.TestRunner.privateRun(TestRunner.java:794)
at org.testng.TestRunner.run(TestRunner.java:596)
at org.testng.SuiteRunner.runTest(SuiteRunner.java:377)
at org.testng.SuiteRunner.runSequentially(SuiteRunner.java:371)
at org.testng.SuiteRunner.privateRun(SuiteRunner.java:332)
at org.testng.SuiteRunner.run(SuiteRunner.java:276)
at org.testng.SuiteRunnerWorker.runSuite(SuiteRunnerWorker.java:53)
at org.testng.SuiteRunnerWorker.run(SuiteRunnerWorker.java:96)
at org.testng.TestNG.runSuitesSequentially(TestNG.java:1212)
at org.testng.TestNG.runSuitesLocally(TestNG.java:1134)
at org.testng.TestNG.runSuites(TestNG.java:1063)
at org.testng.TestNG.run(TestNG.java:1031)
at org.testng.remote.AbstractRemoteTestNG.run(AbstractRemoteTestNG.java:115)
at org.testng.remote.RemoteTestNG.initAndRun(RemoteTestNG.java:251)
at org.testng.remote.RemoteTestNG.main(RemoteTestNG.java:77)
]]>
            </full-stacktrace>
          </exception> <!-- org.openqa.selenium.NoSuchWindowException -->
          <reporter-output>
          </reporter-output>
        </test-method> <!-- createcontacttest -->
      </class> <!-- package1.CreateContactTest -->
    </test> <!-- Test -->
  </suite> <!-- Suite -->
</testng-results>
